# JRE version: OpenJDK Runtime Environment (21.0.5) (build 21.0.5+-12932927-b750.29)
# Java VM: OpenJDK 64-Bit Server VM (21.0.5+-12932927-b750.29, mixed mode, tiered, compressed oops, compressed class ptrs, g1 gc, windows-amd64)
GC Precious Log:
 CardTable entry size: 512
 Card Set container configuration: InlinePtr #cards 5 size 8 Array Of Cards #cards 12 size 40 Howl #buckets 4 coarsen threshold 1843 Howl Bitmap #cards 512 size 80 coarsen threshold 460 Card regions per heap region 1 cards per card region 2048
 CPUs: 12 total, 12 available
 Memory: 16164M
 Large Page Support: Disabled
 NUMA Support: Disabled
 Compressed Oops: Enabled (32-bit)
 Heap Region Size: 1M
 Heap Min Capacity: 8M
 Heap Initial Capacity: 254M
 Heap Max Capacity: 2G
 Pre-touch: Disabled
 Parallel Workers: 10
 Concurrent Workers: 3
 Concurrent Refinement Workers: 10
 Periodic GC: Disabled
Heap:
 garbage-first heap   total 225280K, used 187107K [0x0000000080000000, 0x0000000100000000)
  region size 1024K, 59 young (60416K), 6 survivors (6144K)
 Metaspace       used 132756K, committed 135104K, reserved 1179648K
  class space    used 18030K, committed 19200K, reserved 1048576K
GC Heap History (20 events):
Event: 23.798 GC heap before
{Heap before GC invocations=37 (full 0):
 garbage-first heap   total 165888K, used 151539K [0x0000000080000000, 0x0000000100000000)
  region size 1024K, 52 young (53248K), 4 survivors (4096K)
 Metaspace       used 115955K, committed 118208K, reserved 1179648K
  class space    used 15912K, committed 17024K, reserved 1048576K
}
Event: 23.802 GC heap after
{Heap after GC invocations=38 (full 0):
 garbage-first heap   total 165888K, used 104536K [0x0000000080000000, 0x0000000100000000)
  region size 1024K, 6 young (6144K), 6 survivors (6144K)
 Metaspace       used 115955K, committed 118208K, reserved 1179648K
  class space    used 15912K, committed 17024K, reserved 1048576K
}
Event: 24.201 GC heap before
{Heap before GC invocations=39 (full 0):
 garbage-first heap   total 176128K, used 148568K [0x0000000080000000, 0x0000000100000000)
  region size 1024K, 49 young (50176K), 6 survivors (6144K)
 Metaspace       used 119703K, committed 121856K, reserved 1179648K
  class space    used 16405K, committed 17472K, reserved 1048576K
}
Event: 24.210 GC heap after
{Heap after GC invocations=40 (full 0):
 garbage-first heap   total 176128K, used 107719K [0x0000000080000000, 0x0000000100000000)
  region size 1024K, 6 young (6144K), 6 survivors (6144K)
 Metaspace       used 119703K, committed 121856K, reserved 1179648K
  class space    used 16405K, committed 17472K, reserved 1048576K
}
Event: 24.611 GC heap before
{Heap before GC invocations=40 (full 0):
 garbage-first heap   total 176128K, used 158919K [0x0000000080000000, 0x0000000100000000)
  region size 1024K, 56 young (57344K), 6 survivors (6144K)
 Metaspace       used 121638K, committed 123840K, reserved 1179648K
  class space    used 16645K, committed 17728K, reserved 1048576K
}
Event: 24.618 GC heap after
{Heap after GC invocations=41 (full 0):
 garbage-first heap   total 176128K, used 112053K [0x0000000080000000, 0x0000000100000000)
  region size 1024K, 7 young (7168K), 7 survivors (7168K)
 Metaspace       used 121638K, committed 123840K, reserved 1179648K
  class space    used 16645K, committed 17728K, reserved 1048576K
}
Event: 24.975 GC heap before
{Heap before GC invocations=41 (full 0):
 garbage-first heap   total 176128K, used 157109K [0x0000000080000000, 0x0000000100000000)
  region size 1024K, 52 young (53248K), 7 survivors (7168K)
 Metaspace       used 124570K, committed 126912K, reserved 1179648K
  class space    used 17162K, committed 18368K, reserved 1048576K
}
Event: 24.983 GC heap after
{Heap after GC invocations=42 (full 0):
 garbage-first heap   total 211968K, used 118498K [0x0000000080000000, 0x0000000100000000)
  region size 1024K, 6 young (6144K), 6 survivors (6144K)
 Metaspace       used 124570K, committed 126912K, reserved 1179648K
  class space    used 17162K, committed 18368K, reserved 1048576K
}
Event: 25.430 GC heap before
{Heap before GC invocations=43 (full 0):
 garbage-first heap   total 211968K, used 193250K [0x0000000080000000, 0x0000000100000000)
  region size 1024K, 75 young (76800K), 6 survivors (6144K)
 Metaspace       used 126726K, committed 129024K, reserved 1179648K
  class space    used 17332K, committed 18496K, reserved 1048576K
}
Event: 25.438 GC heap after
{Heap after GC invocations=44 (full 0):
 garbage-first heap   total 211968K, used 125871K [0x0000000080000000, 0x0000000100000000)
  region size 1024K, 8 young (8192K), 8 survivors (8192K)
 Metaspace       used 126726K, committed 129024K, reserved 1179648K
  class space    used 17332K, committed 18496K, reserved 1048576K
}
Event: 25.620 GC heap before
{Heap before GC invocations=44 (full 0):
 garbage-first heap   total 211968K, used 189359K [0x0000000080000000, 0x0000000100000000)
  region size 1024K, 71 young (72704K), 8 survivors (8192K)
 Metaspace       used 126939K, committed 129344K, reserved 1179648K
  class space    used 17350K, committed 18560K, reserved 1048576K
}
Event: 25.628 GC heap after
{Heap after GC invocations=45 (full 0):
 garbage-first heap   total 211968K, used 127310K [0x0000000080000000, 0x0000000100000000)
  region size 1024K, 5 young (5120K), 5 survivors (5120K)
 Metaspace       used 126939K, committed 129344K, reserved 1179648K
  class space    used 17350K, committed 18560K, reserved 1048576K
}
Event: 25.910 GC heap before
{Heap before GC invocations=45 (full 0):
 garbage-first heap   total 211968K, used 191822K [0x0000000080000000, 0x0000000100000000)
  region size 1024K, 69 young (70656K), 5 survivors (5120K)
 Metaspace       used 129687K, committed 131968K, reserved 1179648K
  class space    used 17656K, committed 18816K, reserved 1048576K
}
Event: 25.915 GC heap after
{Heap after GC invocations=46 (full 0):
 garbage-first heap   total 211968K, used 129546K [0x0000000080000000, 0x0000000100000000)
  region size 1024K, 7 young (7168K), 7 survivors (7168K)
 Metaspace       used 129687K, committed 131968K, reserved 1179648K
  class space    used 17656K, committed 18816K, reserved 1048576K
}
Event: 26.851 GC heap before
{Heap before GC invocations=47 (full 0):
 garbage-first heap   total 217088K, used 190986K [0x0000000080000000, 0x0000000100000000)
  region size 1024K, 68 young (69632K), 7 survivors (7168K)
 Metaspace       used 131481K, committed 133824K, reserved 1179648K
  class space    used 17873K, committed 19072K, reserved 1048576K
}
Event: 26.859 GC heap after
{Heap after GC invocations=48 (full 0):
 garbage-first heap   total 217088K, used 133734K [0x0000000080000000, 0x0000000100000000)
  region size 1024K, 9 young (9216K), 9 survivors (9216K)
 Metaspace       used 131481K, committed 133824K, reserved 1179648K
  class space    used 17873K, committed 19072K, reserved 1048576K
}
Event: 27.180 GC heap before
{Heap before GC invocations=48 (full 0):
 garbage-first heap   total 217088K, used 194150K [0x0000000080000000, 0x0000000100000000)
  region size 1024K, 69 young (70656K), 9 survivors (9216K)
 Metaspace       used 131488K, committed 133824K, reserved 1179648K
  class space    used 17873K, committed 19072K, reserved 1048576K
}
Event: 27.188 GC heap after
{Heap after GC invocations=49 (full 0):
 garbage-first heap   total 217088K, used 132829K [0x0000000080000000, 0x0000000100000000)
  region size 1024K, 4 young (4096K), 4 survivors (4096K)
 Metaspace       used 131488K, committed 133824K, reserved 1179648K
  class space    used 17873K, committed 19072K, reserved 1048576K
}
Event: 28.959 GC heap before
{Heap before GC invocations=49 (full 0):
 garbage-first heap   total 217088K, used 199389K [0x0000000080000000, 0x0000000100000000)
  region size 1024K, 70 young (71680K), 4 survivors (4096K)
 Metaspace       used 131862K, committed 134208K, reserved 1179648K
  class space    used 17930K, committed 19136K, reserved 1048576K
}
Event: 28.963 GC heap after
{Heap after GC invocations=50 (full 0):
 garbage-first heap   total 217088K, used 134883K [0x0000000080000000, 0x0000000100000000)
  region size 1024K, 6 young (6144K), 6 survivors (6144K)
 Metaspace       used 131862K, committed 134208K, reserved 1179648K
  class space    used 17930K, committed 19136K, reserved 1048576K
}

