# JRE version: OpenJDK Runtime Environment (21.0.5) (build 21.0.5+-12932927-b750.29)
# Java VM: OpenJDK 64-Bit Server VM (21.0.5+-12932927-b750.29, mixed mode, tiered, compressed oops, compressed class ptrs, g1 gc, windows-amd64)
GC Precious Log:
 CardTable entry size: 512
 Card Set container configuration: InlinePtr #cards 5 size 8 Array Of Cards #cards 12 size 40 Howl #buckets 4 coarsen threshold 1843 Howl Bitmap #cards 512 size 80 coarsen threshold 460 Card regions per heap region 1 cards per card region 2048
 CPUs: 12 total, 12 available
 Memory: 16164M
 Large Page Support: Disabled
 NUMA Support: Disabled
 Compressed Oops: Enabled (32-bit)
 Heap Region Size: 1M
 Heap Min Capacity: 8M
 Heap Initial Capacity: 254M
 Heap Max Capacity: 2G
 Pre-touch: Disabled
 Parallel Workers: 10
 Concurrent Workers: 3
 Concurrent Refinement Workers: 10
 Periodic GC: Disabled
Heap:
 garbage-first heap   total 324608K, used 313753K [0x0000000080000000, 0x0000000100000000)
  region size 1024K, 11 young (11264K), 7 survivors (7168K)
 Metaspace       used 161433K, committed 164032K, reserved 1245184K
  class space    used 22219K, committed 23552K, reserved 1048576K
GC Heap History (20 events):
Event: 27.115 GC heap before
{Heap before GC invocations=48 (full 0):
 garbage-first heap   total 225280K, used 203776K [0x0000000080000000, 0x0000000100000000)
  region size 1024K, 73 young (74752K), 9 survivors (9216K)
 Metaspace       used 133951K, committed 136384K, reserved 1179648K
  class space    used 18170K, committed 19392K, reserved 1048576K
}
Event: 27.126 GC heap after
{Heap after GC invocations=49 (full 0):
 garbage-first heap   total 280576K, used 158720K [0x0000000080000000, 0x0000000100000000)
  region size 1024K, 10 young (10240K), 10 survivors (10240K)
 Metaspace       used 133951K, committed 136384K, reserved 1179648K
  class space    used 18170K, committed 19392K, reserved 1048576K
}
Event: 41.379 GC heap before
{Heap before GC invocations=50 (full 0):
 garbage-first heap   total 280576K, used 243712K [0x0000000080000000, 0x0000000100000000)
  region size 1024K, 94 young (96256K), 10 survivors (10240K)
 Metaspace       used 137927K, committed 140416K, reserved 1179648K
  class space    used 18675K, committed 19968K, reserved 1048576K
}
Event: 41.388 GC heap after
{Heap after GC invocations=51 (full 0):
 garbage-first heap   total 280576K, used 161280K [0x0000000080000000, 0x0000000100000000)
  region size 1024K, 6 young (6144K), 6 survivors (6144K)
 Metaspace       used 137927K, committed 140416K, reserved 1179648K
  class space    used 18675K, committed 19968K, reserved 1048576K
}
Event: 47.368 GC heap before
{Heap before GC invocations=51 (full 0):
 garbage-first heap   total 280576K, used 245248K [0x0000000080000000, 0x0000000100000000)
  region size 1024K, 89 young (91136K), 6 survivors (6144K)
 Metaspace       used 138697K, committed 141184K, reserved 1179648K
  class space    used 18777K, committed 20032K, reserved 1048576K
}
Event: 47.385 GC heap after
{Heap after GC invocations=52 (full 0):
 garbage-first heap   total 280576K, used 170537K [0x0000000080000000, 0x0000000100000000)
  region size 1024K, 12 young (12288K), 12 survivors (12288K)
 Metaspace       used 138697K, committed 141184K, reserved 1179648K
  class space    used 18777K, committed 20032K, reserved 1048576K
}
Event: 47.910 GC heap before
{Heap before GC invocations=52 (full 0):
 garbage-first heap   total 280576K, used 222761K [0x0000000080000000, 0x0000000100000000)
  region size 1024K, 65 young (66560K), 12 survivors (12288K)
 Metaspace       used 139429K, committed 141888K, reserved 1179648K
  class space    used 18860K, committed 20096K, reserved 1048576K
}
Event: 47.928 GC heap after
{Heap after GC invocations=53 (full 0):
 garbage-first heap   total 280576K, used 180032K [0x0000000080000000, 0x0000000100000000)
  region size 1024K, 9 young (9216K), 9 survivors (9216K)
 Metaspace       used 139429K, committed 141888K, reserved 1179648K
  class space    used 18860K, committed 20096K, reserved 1048576K
}
Event: 48.871 GC heap before
{Heap before GC invocations=54 (full 0):
 garbage-first heap   total 304128K, used 252736K [0x0000000080000000, 0x0000000100000000)
  region size 1024K, 77 young (78848K), 9 survivors (9216K)
 Metaspace       used 142710K, committed 145152K, reserved 1179648K
  class space    used 19299K, committed 20544K, reserved 1048576K
}
Event: 48.877 GC heap after
{Heap after GC invocations=55 (full 0):
 garbage-first heap   total 304128K, used 188559K [0x0000000080000000, 0x0000000100000000)
  region size 1024K, 5 young (5120K), 5 survivors (5120K)
 Metaspace       used 142710K, committed 145152K, reserved 1179648K
  class space    used 19299K, committed 20544K, reserved 1048576K
}
Event: 49.693 GC heap before
{Heap before GC invocations=55 (full 0):
 garbage-first heap   total 304128K, used 265359K [0x0000000080000000, 0x0000000100000000)
  region size 1024K, 81 young (82944K), 5 survivors (5120K)
 Metaspace       used 151905K, committed 154368K, reserved 1245184K
  class space    used 20840K, committed 22080K, reserved 1048576K
}
Event: 49.700 GC heap after
{Heap after GC invocations=56 (full 0):
 garbage-first heap   total 304128K, used 190210K [0x0000000080000000, 0x0000000100000000)
  region size 1024K, 9 young (9216K), 9 survivors (9216K)
 Metaspace       used 151905K, committed 154368K, reserved 1245184K
  class space    used 20840K, committed 22080K, reserved 1048576K
}
Event: 50.073 GC heap before
{Heap before GC invocations=56 (full 0):
 garbage-first heap   total 304128K, used 270082K [0x0000000080000000, 0x0000000100000000)
  region size 1024K, 87 young (89088K), 9 survivors (9216K)
 Metaspace       used 156060K, committed 158528K, reserved 1245184K
  class space    used 21535K, committed 22784K, reserved 1048576K
}
Event: 50.080 GC heap after
{Heap after GC invocations=57 (full 0):
 garbage-first heap   total 304128K, used 192702K [0x0000000080000000, 0x0000000100000000)
  region size 1024K, 7 young (7168K), 7 survivors (7168K)
 Metaspace       used 156060K, committed 158528K, reserved 1245184K
  class space    used 21535K, committed 22784K, reserved 1048576K
}
Event: 50.757 GC heap before
{Heap before GC invocations=58 (full 0):
 garbage-first heap   total 306176K, used 263358K [0x0000000080000000, 0x0000000100000000)
  region size 1024K, 86 young (88064K), 7 survivors (7168K)
 Metaspace       used 157682K, committed 160128K, reserved 1245184K
  class space    used 21720K, committed 22976K, reserved 1048576K
}
Event: 50.764 GC heap after
{Heap after GC invocations=59 (full 0):
 garbage-first heap   total 306176K, used 182321K [0x0000000080000000, 0x0000000100000000)
  region size 1024K, 4 young (4096K), 4 survivors (4096K)
 Metaspace       used 157682K, committed 160128K, reserved 1245184K
  class space    used 21720K, committed 22976K, reserved 1048576K
}
Event: 51.292 GC heap before
{Heap before GC invocations=59 (full 0):
 garbage-first heap   total 306176K, used 273457K [0x0000000080000000, 0x0000000100000000)
  region size 1024K, 94 young (96256K), 4 survivors (4096K)
 Metaspace       used 159064K, committed 161600K, reserved 1245184K
  class space    used 21905K, committed 23168K, reserved 1048576K
}
Event: 51.297 GC heap after
{Heap after GC invocations=60 (full 0):
 garbage-first heap   total 306176K, used 180449K [0x0000000080000000, 0x0000000100000000)
  region size 1024K, 6 young (6144K), 6 survivors (6144K)
 Metaspace       used 159064K, committed 161600K, reserved 1245184K
  class space    used 21905K, committed 23168K, reserved 1048576K
}
Event: 52.160 GC heap before
{Heap before GC invocations=60 (full 0):
 garbage-first heap   total 306176K, used 214241K [0x0000000080000000, 0x0000000100000000)
  region size 1024K, 41 young (41984K), 6 survivors (6144K)
 Metaspace       used 161417K, committed 164032K, reserved 1245184K
  class space    used 22226K, committed 23552K, reserved 1048576K
}
Event: 52.165 GC heap after
{Heap after GC invocations=61 (full 0):
 garbage-first heap   total 306176K, used 181657K [0x0000000080000000, 0x0000000100000000)
  region size 1024K, 7 young (7168K), 7 survivors (7168K)
 Metaspace       used 161417K, committed 164032K, reserved 1245184K
  class space    used 22226K, committed 23552K, reserved 1048576K
}

